<?xml version="1.0" encoding="UTF-8"?>
<!-- Generated by org.testng.reporters.JUnitReportReporter -->
<testsuite skipped="0" hostname="DESKTOP-DM8UP7N" name="healthcare.ca_framework_testfile.healthcare_Register_Testfile" tests="5" failures="0" timestamp="2022-12-11T21:27:04 IST" time="4.766" errors="0">
  <testcase name="test5" time="1.003" classname="healthcare.ca_framework_testfile.healthcare_Register_Testfile"/>
  <system-out/>
  <testcase name="test3" time="0.859" classname="healthcare.ca_framework_testfile.healthcare_Register_Testfile"/>
  <system-out/>
  <testcase name="test4" time="1.053" classname="healthcare.ca_framework_testfile.healthcare_Register_Testfile"/>
  <system-out/>
  <testcase name="test2" time="0.955" classname="healthcare.ca_framework_testfile.healthcare_Register_Testfile"/>
  <system-out/>
  <testcase name="test1" time="0.896" classname="healthcare.ca_framework_testfile.healthcare_Register_Testfile"/>
  <system-out/>
</testsuite> <!-- healthcare.ca_framework_testfile.healthcare_Register_Testfile -->
