<?xml version="1.0" encoding="UTF-8"?>
<!-- Generated by org.testng.reporters.JUnitReportReporter -->
<testsuite skipped="0" hostname="DESKTOP-DM8UP7N" name="healthcare.ca_framework_testfile.healthcare_Register_Testfile" tests="4" failures="0" timestamp="2022-12-11T20:42:58 IST" time="5.674" errors="0">
  <testcase name="test1" time="2.944" classname="healthcare.ca_framework_testfile.healthcare_Register_Testfile"/>
  <system-out/>
  <testcase name="test3" time="0.899" classname="healthcare.ca_framework_testfile.healthcare_Register_Testfile"/>
  <system-out/>
  <testcase name="test4" time="1.006" classname="healthcare.ca_framework_testfile.healthcare_Register_Testfile"/>
  <system-out/>
  <testcase name="test2" time="0.825" classname="healthcare.ca_framework_testfile.healthcare_Register_Testfile"/>
  <system-out/>
</testsuite> <!-- healthcare.ca_framework_testfile.healthcare_Register_Testfile -->
