<?xml version="1.0" encoding="UTF-8"?>
<!-- Generated by org.testng.reporters.JUnitReportReporter -->
<testsuite skipped="0" hostname="DESKTOP-DM8UP7N" name="framework_Demo.healthcare_Register" tests="4" failures="0" timestamp="2022-12-10T20:14:43 IST" time="2.705" errors="0">
  <testcase name="test3" time="0.540" classname="framework_Demo.healthcare_Register"/>
  <system-out/>
  <testcase name="test1" time="0.765" classname="framework_Demo.healthcare_Register"/>
  <system-out/>
  <testcase name="test4" time="0.692" classname="framework_Demo.healthcare_Register"/>
  <system-out/>
  <testcase name="test2" time="0.708" classname="framework_Demo.healthcare_Register"/>
  <system-out/>
</testsuite> <!-- framework_Demo.healthcare_Register -->
